16:52:02.915 [main] DEBUG org.apache.poi.openxml4j.opc.ZipPackage - Save part 'xl/styles.xml'
16:52:02.972 [main] DEBUG org.apache.poi.openxml4j.opc.ZipPackage - Save part 'xl/workbook.xml'
16:52:02.977 [main] DEBUG org.apache.poi.openxml4j.opc.ZipPackage - Save part 'xl/worksheets/sheet1.xml'
16:52:02.989 [main] DEBUG org.apache.poi.openxml4j.opc.ZipPackage - Save content types part
16:52:02.993 [main] DEBUG org.apache.poi.openxml4j.opc.ZipPackage - Save package relationships
16:52:02.996 [main] DEBUG org.apache.poi.openxml4j.opc.ZipPackage - Save part 'docProps/app.xml'
16:52:02.997 [main] DEBUG org.apache.poi.openxml4j.opc.ZipPackage - Save part 'docProps/core.xml'
16:52:03.001 [main] DEBUG org.apache.poi.openxml4j.opc.ZipPackage - Save part 'xl/sharedStrings.xml'
16:52:03.017 [main] DEBUG org.apache.poi.openxml4j.opc.ZipPackage - Save part 'xl/styles.xml'
16:52:03.017 [main] DEBUG org.apache.poi.openxml4j.opc.ZipPackage - Save part 'xl/workbook.xml'
16:52:03.020 [main] DEBUG org.apache.poi.openxml4j.opc.ZipPackage - Save part 'xl/worksheets/sheet1.xml'
16:52:40.202 [main] INFO  testCases.VerifyUserDetails - Clickin on See All Link
16:52:40.369 [main] DEBUG org.apache.poi.openxml4j.opc.ZipPackage - Save core properties part
16:52:40.369 [main] DEBUG org.apache.poi.openxml4j.opc.ZipPackage - Save content types part
16:52:40.371 [main] DEBUG org.apache.poi.openxml4j.opc.ZipPackage - Save package relationships
16:52:40.373 [main] DEBUG org.apache.poi.openxml4j.opc.ZipPackage - Save part 'docProps/app.xml'
16:52:40.374 [main] DEBUG org.apache.poi.openxml4j.opc.ZipPackage - Save part 'docProps/core.xml'
16:52:40.376 [main] DEBUG org.apache.poi.openxml4j.opc.ZipPackage - Save part 'xl/sharedStrings.xml'
16:52:40.376 [main] DEBUG org.apache.poi.openxml4j.opc.ZipPackage - Save part 'xl/styles.xml'
16:52:40.377 [main] DEBUG org.apache.poi.openxml4j.opc.ZipPackage - Save part 'xl/workbook.xml'
16:52:40.380 [main] DEBUG org.apache.poi.openxml4j.opc.ZipPackage - Save part 'xl/worksheets/sheet1.xml'
16:52:40.382 [main] DEBUG org.apache.poi.openxml4j.opc.ZipPackage - Save content types part
16:52:40.384 [main] DEBUG org.apache.poi.openxml4j.opc.ZipPackage - Save package relationships
16:52:40.386 [main] DEBUG org.apache.poi.openxml4j.opc.ZipPackage - Save part 'docProps/app.xml'
16:52:40.387 [main] DEBUG org.apache.poi.openxml4j.opc.ZipPackage - Save part 'docProps/core.xml'
16:52:40.390 [main] DEBUG org.apache.poi.openxml4j.opc.ZipPackage - Save part 'xl/sharedStrings.xml'
16:52:40.391 [main] DEBUG org.apache.poi.openxml4j.opc.ZipPackage - Save part 'xl/styles.xml'
16:52:40.391 [main] DEBUG org.apache.poi.openxml4j.opc.ZipPackage - Save part 'xl/workbook.xml'
16:52:40.394 [main] DEBUG org.apache.poi.openxml4j.opc.ZipPackage - Save part 'xl/worksheets/sheet1.xml'
16:52:41.186 [main] DEBUG org.apache.poi.openxml4j.opc.PackageRelationshipCollection - Parsing relationship: /xl/_rels/workbook.xml.rels
16:52:41.188 [main] DEBUG org.apache.poi.openxml4j.opc.PackageRelationshipCollection - Parsing relationship: /_rels/.rels
16:52:41.307 [main] INFO  testCases.VerifyUserDetails - Verifying News Present on Both pages
16:52:43.133 [main] INFO  testCases.VerifyUserDetails - Verifying News Present on Both pages
16:52:43.401 [main] INFO  testCases.VerifyUserDetails - Verifying News Present on Both pages
16:52:43.677 [main] INFO  testCases.VerifyUserDetails - Verifying News Present on Both pages
16:52:43.951 [main] INFO  testCases.VerifyUserDetails - Verifying News Present on Both pages
16:52:44.189 [main] INFO  testCases.VerifyUserDetails - Capturing information of top 5 News
16:52:49.093 [main] DEBUG org.apache.poi.openxml4j.opc.PackageRelationshipCollection - Parsing relationship: /xl/_rels/workbook.xml.rels
16:52:49.096 [main] DEBUG org.apache.poi.openxml4j.opc.PackageRelationshipCollection - Parsing relationship: /_rels/.rels
16:52:49.200 [main] DEBUG org.apache.poi.openxml4j.opc.ZipPackage - Save content types part
16:52:49.203 [main] DEBUG org.apache.poi.openxml4j.opc.ZipPackage - Save package relationships
16:52:49.206 [main] DEBUG org.apache.poi.openxml4j.opc.ZipPackage - Save part 'docProps/app.xml'
16:52:49.207 [main] DEBUG org.apache.poi.openxml4j.opc.ZipPackage - Save part 'docProps/core.xml'
16:52:49.210 [main] DEBUG org.apache.poi.openxml4j.opc.ZipPackage - Save part 'xl/sharedStrings.xml'
16:52:49.212 [main] DEBUG org.apache.poi.openxml4j.opc.ZipPackage - Save part 'xl/styles.xml'
16:52:49.213 [main] DEBUG org.apache.poi.openxml4j.opc.ZipPackage - Save part 'xl/theme/theme1.xml'
16:52:49.214 [main] DEBUG org.apache.poi.openxml4j.opc.ZipPackage - Save part 'xl/workbook.xml'
16:52:49.217 [main] DEBUG org.apache.poi.openxml4j.opc.ZipPackage - Save part 'xl/worksheets/sheet1.xml'
16:52:49.300 [main] DEBUG org.apache.poi.openxml4j.opc.PackageRelationshipCollection - Parsing relationship: /xl/_rels/workbook.xml.rels
16:52:49.302 [main] DEBUG org.apache.poi.openxml4j.opc.PackageRelationshipCollection - Parsing relationship: /_rels/.rels
