15:51:37.924 [main] DEBUG org.apache.poi.openxml4j.opc.ZipPackage - Save part 'xl/sharedStrings.xml'
15:51:37.930 [main] DEBUG org.apache.poi.openxml4j.opc.ZipPackage - Save part 'xl/styles.xml'
15:51:37.931 [main] DEBUG org.apache.poi.openxml4j.opc.ZipPackage - Save part 'xl/workbook.xml'
15:51:37.933 [main] DEBUG org.apache.poi.openxml4j.opc.ZipPackage - Save part 'xl/worksheets/sheet1.xml'
15:51:58.349 [main] DEBUG org.apache.poi.openxml4j.opc.ZipPackage - Save core properties part
15:51:58.350 [main] DEBUG org.apache.poi.openxml4j.opc.ZipPackage - Save content types part
15:51:58.352 [main] DEBUG org.apache.poi.openxml4j.opc.ZipPackage - Save package relationships
15:51:58.354 [main] DEBUG org.apache.poi.openxml4j.opc.ZipPackage - Save part 'docProps/app.xml'
15:51:58.355 [main] DEBUG org.apache.poi.openxml4j.opc.ZipPackage - Save part 'docProps/core.xml'
15:51:58.357 [main] DEBUG org.apache.poi.openxml4j.opc.ZipPackage - Save part 'xl/sharedStrings.xml'
15:51:58.358 [main] DEBUG org.apache.poi.openxml4j.opc.ZipPackage - Save part 'xl/styles.xml'
15:51:58.358 [main] DEBUG org.apache.poi.openxml4j.opc.ZipPackage - Save part 'xl/workbook.xml'
15:51:58.360 [main] DEBUG org.apache.poi.openxml4j.opc.ZipPackage - Save part 'xl/worksheets/sheet1.xml'
15:51:58.361 [main] DEBUG org.apache.poi.openxml4j.opc.ZipPackage - Save content types part
15:51:58.363 [main] DEBUG org.apache.poi.openxml4j.opc.ZipPackage - Save package relationships
15:51:58.364 [main] DEBUG org.apache.poi.openxml4j.opc.ZipPackage - Save part 'docProps/app.xml'
15:51:58.364 [main] DEBUG org.apache.poi.openxml4j.opc.ZipPackage - Save part 'docProps/core.xml'
15:51:58.366 [main] DEBUG org.apache.poi.openxml4j.opc.ZipPackage - Save part 'xl/sharedStrings.xml'
15:51:58.366 [main] DEBUG org.apache.poi.openxml4j.opc.ZipPackage - Save part 'xl/styles.xml'
15:51:58.366 [main] DEBUG org.apache.poi.openxml4j.opc.ZipPackage - Save part 'xl/workbook.xml'
15:51:58.367 [main] DEBUG org.apache.poi.openxml4j.opc.ZipPackage - Save part 'xl/worksheets/sheet1.xml'
15:51:58.382 [main] DEBUG org.apache.poi.openxml4j.opc.ZipPackage - Save core properties part
15:51:58.382 [main] DEBUG org.apache.poi.openxml4j.opc.ZipPackage - Save content types part
15:51:58.384 [main] DEBUG org.apache.poi.openxml4j.opc.ZipPackage - Save package relationships
15:51:58.385 [main] DEBUG org.apache.poi.openxml4j.opc.ZipPackage - Save part 'docProps/app.xml'
15:51:58.386 [main] DEBUG org.apache.poi.openxml4j.opc.ZipPackage - Save part 'docProps/core.xml'
15:51:58.388 [main] DEBUG org.apache.poi.openxml4j.opc.ZipPackage - Save part 'xl/sharedStrings.xml'
15:51:58.388 [main] DEBUG org.apache.poi.openxml4j.opc.ZipPackage - Save part 'xl/styles.xml'
15:51:58.389 [main] DEBUG org.apache.poi.openxml4j.opc.ZipPackage - Save part 'xl/workbook.xml'
15:51:58.391 [main] DEBUG org.apache.poi.openxml4j.opc.ZipPackage - Save part 'xl/worksheets/sheet1.xml'
15:51:58.392 [main] DEBUG org.apache.poi.openxml4j.opc.ZipPackage - Save content types part
15:51:58.393 [main] DEBUG org.apache.poi.openxml4j.opc.ZipPackage - Save package relationships
15:51:58.394 [main] DEBUG org.apache.poi.openxml4j.opc.ZipPackage - Save part 'docProps/app.xml'
15:51:58.395 [main] DEBUG org.apache.poi.openxml4j.opc.ZipPackage - Save part 'docProps/core.xml'
15:51:58.396 [main] DEBUG org.apache.poi.openxml4j.opc.ZipPackage - Save part 'xl/sharedStrings.xml'
15:51:58.396 [main] DEBUG org.apache.poi.openxml4j.opc.ZipPackage - Save part 'xl/styles.xml'
15:51:58.397 [main] DEBUG org.apache.poi.openxml4j.opc.ZipPackage - Save part 'xl/workbook.xml'
15:51:58.398 [main] DEBUG org.apache.poi.openxml4j.opc.ZipPackage - Save part 'xl/worksheets/sheet1.xml'
15:52:18.874 [main] DEBUG org.apache.poi.openxml4j.opc.ZipPackage - Save core properties part
15:52:18.874 [main] DEBUG org.apache.poi.openxml4j.opc.ZipPackage - Save content types part
15:52:18.876 [main] DEBUG org.apache.poi.openxml4j.opc.ZipPackage - Save package relationships
15:52:18.877 [main] DEBUG org.apache.poi.openxml4j.opc.ZipPackage - Save part 'docProps/app.xml'
15:52:18.878 [main] DEBUG org.apache.poi.openxml4j.opc.ZipPackage - Save part 'docProps/core.xml'
15:52:18.880 [main] DEBUG org.apache.poi.openxml4j.opc.ZipPackage - Save part 'xl/sharedStrings.xml'
15:52:18.880 [main] DEBUG org.apache.poi.openxml4j.opc.ZipPackage - Save part 'xl/styles.xml'
15:52:18.880 [main] DEBUG org.apache.poi.openxml4j.opc.ZipPackage - Save part 'xl/workbook.xml'
15:52:18.882 [main] DEBUG org.apache.poi.openxml4j.opc.ZipPackage - Save part 'xl/worksheets/sheet1.xml'
15:52:18.882 [main] DEBUG org.apache.poi.openxml4j.opc.ZipPackage - Save content types part
15:52:18.884 [main] DEBUG org.apache.poi.openxml4j.opc.ZipPackage - Save package relationships
15:52:18.885 [main] DEBUG org.apache.poi.openxml4j.opc.ZipPackage - Save part 'docProps/app.xml'
15:52:18.885 [main] DEBUG org.apache.poi.openxml4j.opc.ZipPackage - Save part 'docProps/core.xml'
