15:13:32.289 [main] DEBUG org.apache.poi.openxml4j.opc.ZipPackage - Save part 'xl/styles.xml'
15:13:32.296 [main] DEBUG org.apache.poi.openxml4j.opc.ZipPackage - Save part 'xl/workbook.xml'
15:13:32.298 [main] DEBUG org.apache.poi.openxml4j.opc.ZipPackage - Save part 'xl/worksheets/sheet1.xml'
15:13:37.558 [main] INFO  testCases.VerifyUserDetails - Clickin on See All Link
15:13:37.678 [main] DEBUG org.apache.poi.openxml4j.opc.ZipPackage - Save core properties part
15:13:37.678 [main] DEBUG org.apache.poi.openxml4j.opc.ZipPackage - Save content types part
15:13:37.680 [main] DEBUG org.apache.poi.openxml4j.opc.ZipPackage - Save package relationships
15:13:37.682 [main] DEBUG org.apache.poi.openxml4j.opc.ZipPackage - Save part 'docProps/app.xml'
15:13:37.683 [main] DEBUG org.apache.poi.openxml4j.opc.ZipPackage - Save part 'docProps/core.xml'
15:13:37.685 [main] DEBUG org.apache.poi.openxml4j.opc.ZipPackage - Save part 'xl/sharedStrings.xml'
15:13:37.685 [main] DEBUG org.apache.poi.openxml4j.opc.ZipPackage - Save part 'xl/styles.xml'
15:13:37.685 [main] DEBUG org.apache.poi.openxml4j.opc.ZipPackage - Save part 'xl/workbook.xml'
15:13:37.687 [main] DEBUG org.apache.poi.openxml4j.opc.ZipPackage - Save part 'xl/worksheets/sheet1.xml'
15:13:37.688 [main] DEBUG org.apache.poi.openxml4j.opc.ZipPackage - Save content types part
15:13:37.689 [main] DEBUG org.apache.poi.openxml4j.opc.ZipPackage - Save package relationships
15:13:37.691 [main] DEBUG org.apache.poi.openxml4j.opc.ZipPackage - Save part 'docProps/app.xml'
15:13:37.691 [main] DEBUG org.apache.poi.openxml4j.opc.ZipPackage - Save part 'docProps/core.xml'
15:13:37.692 [main] DEBUG org.apache.poi.openxml4j.opc.ZipPackage - Save part 'xl/sharedStrings.xml'
15:13:37.693 [main] DEBUG org.apache.poi.openxml4j.opc.ZipPackage - Save part 'xl/styles.xml'
15:13:37.693 [main] DEBUG org.apache.poi.openxml4j.opc.ZipPackage - Save part 'xl/workbook.xml'
15:13:37.695 [main] DEBUG org.apache.poi.openxml4j.opc.ZipPackage - Save part 'xl/worksheets/sheet1.xml'
15:13:38.243 [main] INFO  testCases.VerifyUserDetails - All Tests Cases are completed.
