22:33:29.382 [main] DEBUG org.apache.poi.openxml4j.opc.ZipPackage - Save part 'docProps/core.xml'
22:33:29.393 [main] DEBUG org.apache.poi.openxml4j.opc.ZipPackage - Save part 'xl/sharedStrings.xml'
22:33:29.394 [main] DEBUG org.apache.poi.openxml4j.opc.ZipPackage - Save part 'xl/styles.xml'
22:33:29.394 [main] DEBUG org.apache.poi.openxml4j.opc.ZipPackage - Save part 'xl/workbook.xml'
22:33:29.398 [main] DEBUG org.apache.poi.openxml4j.opc.ZipPackage - Save part 'xl/worksheets/sheet1.xml'
22:33:29.400 [main] DEBUG org.apache.poi.openxml4j.opc.ZipPackage - Save content types part
22:33:29.402 [main] DEBUG org.apache.poi.openxml4j.opc.ZipPackage - Save package relationships
22:33:29.405 [main] DEBUG org.apache.poi.openxml4j.opc.ZipPackage - Save part 'docProps/app.xml'
22:33:29.406 [main] DEBUG org.apache.poi.openxml4j.opc.ZipPackage - Save part 'docProps/core.xml'
22:33:29.409 [main] DEBUG org.apache.poi.openxml4j.opc.ZipPackage - Save part 'xl/sharedStrings.xml'
22:33:29.409 [main] DEBUG org.apache.poi.openxml4j.opc.ZipPackage - Save part 'xl/styles.xml'
22:33:29.410 [main] DEBUG org.apache.poi.openxml4j.opc.ZipPackage - Save part 'xl/workbook.xml'
22:33:29.413 [main] DEBUG org.apache.poi.openxml4j.opc.ZipPackage - Save part 'xl/worksheets/sheet1.xml'
22:33:29.533 [main] DEBUG org.apache.poi.openxml4j.opc.ZipPackage - Save core properties part
22:33:29.533 [main] DEBUG org.apache.poi.openxml4j.opc.ZipPackage - Save content types part
22:33:29.535 [main] DEBUG org.apache.poi.openxml4j.opc.ZipPackage - Save package relationships
22:33:29.538 [main] DEBUG org.apache.poi.openxml4j.opc.ZipPackage - Save part 'docProps/app.xml'
22:33:29.538 [main] DEBUG org.apache.poi.openxml4j.opc.ZipPackage - Save part 'docProps/core.xml'
22:33:29.541 [main] DEBUG org.apache.poi.openxml4j.opc.ZipPackage - Save part 'xl/sharedStrings.xml'
22:33:29.542 [main] DEBUG org.apache.poi.openxml4j.opc.ZipPackage - Save part 'xl/styles.xml'
22:33:29.542 [main] DEBUG org.apache.poi.openxml4j.opc.ZipPackage - Save part 'xl/workbook.xml'
22:33:29.544 [main] DEBUG org.apache.poi.openxml4j.opc.ZipPackage - Save part 'xl/worksheets/sheet1.xml'
22:33:29.546 [main] DEBUG org.apache.poi.openxml4j.opc.ZipPackage - Save content types part
22:33:29.547 [main] DEBUG org.apache.poi.openxml4j.opc.ZipPackage - Save package relationships
22:33:29.549 [main] DEBUG org.apache.poi.openxml4j.opc.ZipPackage - Save part 'docProps/app.xml'
22:33:29.550 [main] DEBUG org.apache.poi.openxml4j.opc.ZipPackage - Save part 'docProps/core.xml'
22:33:29.552 [main] DEBUG org.apache.poi.openxml4j.opc.ZipPackage - Save part 'xl/sharedStrings.xml'
22:33:29.553 [main] DEBUG org.apache.poi.openxml4j.opc.ZipPackage - Save part 'xl/styles.xml'
22:33:29.554 [main] DEBUG org.apache.poi.openxml4j.opc.ZipPackage - Save part 'xl/workbook.xml'
22:33:29.556 [main] DEBUG org.apache.poi.openxml4j.opc.ZipPackage - Save part 'xl/worksheets/sheet1.xml'
22:33:50.387 [main] DEBUG org.apache.poi.openxml4j.opc.ZipPackage - Save core properties part
22:33:50.387 [main] DEBUG org.apache.poi.openxml4j.opc.ZipPackage - Save content types part
22:33:50.391 [main] DEBUG org.apache.poi.openxml4j.opc.ZipPackage - Save package relationships
22:33:50.393 [main] DEBUG org.apache.poi.openxml4j.opc.ZipPackage - Save part 'docProps/app.xml'
22:33:50.394 [main] DEBUG org.apache.poi.openxml4j.opc.ZipPackage - Save part 'docProps/core.xml'
22:33:50.398 [main] DEBUG org.apache.poi.openxml4j.opc.ZipPackage - Save part 'xl/sharedStrings.xml'
22:33:50.399 [main] DEBUG org.apache.poi.openxml4j.opc.ZipPackage - Save part 'xl/styles.xml'
22:33:50.400 [main] DEBUG org.apache.poi.openxml4j.opc.ZipPackage - Save part 'xl/workbook.xml'
22:33:50.402 [main] DEBUG org.apache.poi.openxml4j.opc.ZipPackage - Save part 'xl/worksheets/sheet1.xml'
22:33:50.404 [main] DEBUG org.apache.poi.openxml4j.opc.ZipPackage - Save content types part
22:33:50.406 [main] DEBUG org.apache.poi.openxml4j.opc.ZipPackage - Save package relationships
22:33:50.410 [main] DEBUG org.apache.poi.openxml4j.opc.ZipPackage - Save part 'docProps/app.xml'
22:33:50.411 [main] DEBUG org.apache.poi.openxml4j.opc.ZipPackage - Save part 'docProps/core.xml'
22:33:50.416 [main] DEBUG org.apache.poi.openxml4j.opc.ZipPackage - Save part 'xl/sharedStrings.xml'
22:33:50.417 [main] DEBUG org.apache.poi.openxml4j.opc.ZipPackage - Save part 'xl/styles.xml'
22:33:50.418 [main] DEBUG org.apache.poi.openxml4j.opc.ZipPackage - Save part 'xl/workbook.xml'
22:33:50.422 [main] DEBUG org.apache.poi.openxml4j.opc.ZipPackage - Save part 'xl/worksheets/sheet1.xml'
22:33:50.441 [main] DEBUG org.apache.poi.openxml4j.opc.ZipPackage - Save core properties part
22:33:50.441 [main] DEBUG org.apache.poi.openxml4j.opc.ZipPackage - Save content types part
22:33:50.444 [main] DEBUG org.apache.poi.openxml4j.opc.ZipPackage - Save package relationships
22:33:50.446 [main] DEBUG org.apache.poi.openxml4j.opc.ZipPackage - Save part 'docProps/app.xml'
