14:55:15.616 [main] DEBUG org.apache.poi.openxml4j.opc.ZipPackage - Save package relationships
14:55:15.624 [main] DEBUG org.apache.poi.openxml4j.opc.ZipPackage - Save part 'docProps/app.xml'
14:55:15.624 [main] DEBUG org.apache.poi.openxml4j.opc.ZipPackage - Save part 'docProps/core.xml'
14:55:15.626 [main] DEBUG org.apache.poi.openxml4j.opc.ZipPackage - Save part 'xl/sharedStrings.xml'
14:55:15.627 [main] DEBUG org.apache.poi.openxml4j.opc.ZipPackage - Save part 'xl/styles.xml'
14:55:15.627 [main] DEBUG org.apache.poi.openxml4j.opc.ZipPackage - Save part 'xl/workbook.xml'
14:55:15.630 [main] DEBUG org.apache.poi.openxml4j.opc.ZipPackage - Save part 'xl/worksheets/sheet1.xml'
14:55:15.695 [main] DEBUG org.apache.poi.openxml4j.opc.ZipPackage - Save core properties part
14:55:15.695 [main] DEBUG org.apache.poi.openxml4j.opc.ZipPackage - Save content types part
14:55:15.698 [main] DEBUG org.apache.poi.openxml4j.opc.ZipPackage - Save package relationships
14:55:15.700 [main] DEBUG org.apache.poi.openxml4j.opc.ZipPackage - Save part 'docProps/app.xml'
14:55:15.701 [main] DEBUG org.apache.poi.openxml4j.opc.ZipPackage - Save part 'docProps/core.xml'
14:55:15.703 [main] DEBUG org.apache.poi.openxml4j.opc.ZipPackage - Save part 'xl/sharedStrings.xml'
14:55:15.704 [main] DEBUG org.apache.poi.openxml4j.opc.ZipPackage - Save part 'xl/styles.xml'
14:55:15.704 [main] DEBUG org.apache.poi.openxml4j.opc.ZipPackage - Save part 'xl/workbook.xml'
14:55:15.707 [main] DEBUG org.apache.poi.openxml4j.opc.ZipPackage - Save part 'xl/worksheets/sheet1.xml'
14:55:15.708 [main] DEBUG org.apache.poi.openxml4j.opc.ZipPackage - Save content types part
14:55:15.711 [main] DEBUG org.apache.poi.openxml4j.opc.ZipPackage - Save package relationships
14:55:15.713 [main] DEBUG org.apache.poi.openxml4j.opc.ZipPackage - Save part 'docProps/app.xml'
14:55:15.714 [main] DEBUG org.apache.poi.openxml4j.opc.ZipPackage - Save part 'docProps/core.xml'
14:55:15.716 [main] DEBUG org.apache.poi.openxml4j.opc.ZipPackage - Save part 'xl/sharedStrings.xml'
14:55:15.716 [main] DEBUG org.apache.poi.openxml4j.opc.ZipPackage - Save part 'xl/styles.xml'
14:55:15.717 [main] DEBUG org.apache.poi.openxml4j.opc.ZipPackage - Save part 'xl/workbook.xml'
14:55:15.719 [main] DEBUG org.apache.poi.openxml4j.opc.ZipPackage - Save part 'xl/worksheets/sheet1.xml'
14:55:36.194 [main] DEBUG org.apache.poi.openxml4j.opc.ZipPackage - Save core properties part
14:55:36.194 [main] DEBUG org.apache.poi.openxml4j.opc.ZipPackage - Save content types part
14:55:36.196 [main] DEBUG org.apache.poi.openxml4j.opc.ZipPackage - Save package relationships
14:55:36.198 [main] DEBUG org.apache.poi.openxml4j.opc.ZipPackage - Save part 'docProps/app.xml'
14:55:36.198 [main] DEBUG org.apache.poi.openxml4j.opc.ZipPackage - Save part 'docProps/core.xml'
14:55:36.200 [main] DEBUG org.apache.poi.openxml4j.opc.ZipPackage - Save part 'xl/sharedStrings.xml'
14:55:36.200 [main] DEBUG org.apache.poi.openxml4j.opc.ZipPackage - Save part 'xl/styles.xml'
14:55:36.201 [main] DEBUG org.apache.poi.openxml4j.opc.ZipPackage - Save part 'xl/workbook.xml'
14:55:36.202 [main] DEBUG org.apache.poi.openxml4j.opc.ZipPackage - Save part 'xl/worksheets/sheet1.xml'
14:55:36.203 [main] DEBUG org.apache.poi.openxml4j.opc.ZipPackage - Save content types part
14:55:36.205 [main] DEBUG org.apache.poi.openxml4j.opc.ZipPackage - Save package relationships
14:55:36.206 [main] DEBUG org.apache.poi.openxml4j.opc.ZipPackage - Save part 'docProps/app.xml'
14:55:36.207 [main] DEBUG org.apache.poi.openxml4j.opc.ZipPackage - Save part 'docProps/core.xml'
14:55:36.209 [main] DEBUG org.apache.poi.openxml4j.opc.ZipPackage - Save part 'xl/sharedStrings.xml'
14:55:36.209 [main] DEBUG org.apache.poi.openxml4j.opc.ZipPackage - Save part 'xl/styles.xml'
14:55:36.209 [main] DEBUG org.apache.poi.openxml4j.opc.ZipPackage - Save part 'xl/workbook.xml'
14:55:36.211 [main] DEBUG org.apache.poi.openxml4j.opc.ZipPackage - Save part 'xl/worksheets/sheet1.xml'
14:55:36.229 [main] DEBUG org.apache.poi.openxml4j.opc.ZipPackage - Save core properties part
14:55:36.229 [main] DEBUG org.apache.poi.openxml4j.opc.ZipPackage - Save content types part
14:55:36.231 [main] DEBUG org.apache.poi.openxml4j.opc.ZipPackage - Save package relationships
14:55:36.233 [main] DEBUG org.apache.poi.openxml4j.opc.ZipPackage - Save part 'docProps/app.xml'
14:55:36.233 [main] DEBUG org.apache.poi.openxml4j.opc.ZipPackage - Save part 'docProps/core.xml'
14:55:36.236 [main] DEBUG org.apache.poi.openxml4j.opc.ZipPackage - Save part 'xl/sharedStrings.xml'
14:55:36.237 [main] DEBUG org.apache.poi.openxml4j.opc.ZipPackage - Save part 'xl/styles.xml'
14:55:36.237 [main] DEBUG org.apache.poi.openxml4j.opc.ZipPackage - Save part 'xl/workbook.xml'
14:55:36.239 [main] DEBUG org.apache.poi.openxml4j.opc.ZipPackage - Save part 'xl/worksheets/sheet1.xml'
14:55:36.240 [main] DEBUG org.apache.poi.openxml4j.opc.ZipPackage - Save content types part
