13:58:16.224 [main] INFO  testCases.Starting - All Tests have passed.
13:59:16.950 [main] INFO  testCases.Starting - All Tests have passed.
14:04:44.433 [main] INFO  testCases.Starting - All Tests have passed.
14:06:07.101 [main] INFO  testCases.Starting - All Tests have passed.
14:16:32.484 [main] DEBUG org.apache.poi.openxml4j.opc.ZipPackage - Save core properties part
14:16:32.491 [main] DEBUG org.apache.poi.openxml4j.opc.ZipPackage - Save content types part
14:16:32.676 [main] DEBUG org.apache.poi.openxml4j.opc.ZipPackage - Save package relationships
14:16:32.687 [main] DEBUG org.apache.poi.openxml4j.opc.ZipPackage - Save part 'docProps/app.xml'
14:16:32.694 [main] DEBUG org.apache.poi.openxml4j.opc.ZipPackage - Save part 'docProps/core.xml'
14:16:32.703 [main] DEBUG org.apache.poi.openxml4j.opc.ZipPackage - Save part 'xl/sharedStrings.xml'
14:16:32.704 [main] DEBUG org.apache.poi.openxml4j.opc.ZipPackage - Save part 'xl/styles.xml'
14:16:32.704 [main] DEBUG org.apache.poi.openxml4j.opc.ZipPackage - Save part 'xl/workbook.xml'
14:16:32.707 [main] DEBUG org.apache.poi.openxml4j.opc.ZipPackage - Save part 'xl/worksheets/sheet1.xml'
14:16:32.711 [main] DEBUG org.apache.poi.openxml4j.opc.ZipPackage - Save content types part
14:16:32.714 [main] DEBUG org.apache.poi.openxml4j.opc.ZipPackage - Save package relationships
14:16:32.717 [main] DEBUG org.apache.poi.openxml4j.opc.ZipPackage - Save part 'docProps/app.xml'
14:16:32.717 [main] DEBUG org.apache.poi.openxml4j.opc.ZipPackage - Save part 'docProps/core.xml'
14:16:32.720 [main] DEBUG org.apache.poi.openxml4j.opc.ZipPackage - Save part 'xl/sharedStrings.xml'
14:16:32.720 [main] DEBUG org.apache.poi.openxml4j.opc.ZipPackage - Save part 'xl/styles.xml'
14:16:32.720 [main] DEBUG org.apache.poi.openxml4j.opc.ZipPackage - Save part 'xl/workbook.xml'
14:16:32.723 [main] DEBUG org.apache.poi.openxml4j.opc.ZipPackage - Save part 'xl/worksheets/sheet1.xml'
14:19:58.723 [main] DEBUG org.apache.poi.openxml4j.opc.ZipPackage - Save core properties part
14:19:58.733 [main] DEBUG org.apache.poi.openxml4j.opc.ZipPackage - Save content types part
14:19:58.997 [main] DEBUG org.apache.poi.openxml4j.opc.ZipPackage - Save package relationships
14:19:59.014 [main] DEBUG org.apache.poi.openxml4j.opc.ZipPackage - Save part 'docProps/app.xml'
14:19:59.025 [main] DEBUG org.apache.poi.openxml4j.opc.ZipPackage - Save part 'docProps/core.xml'
14:19:59.039 [main] DEBUG org.apache.poi.openxml4j.opc.ZipPackage - Save part 'xl/sharedStrings.xml'
14:19:59.040 [main] DEBUG org.apache.poi.openxml4j.opc.ZipPackage - Save part 'xl/styles.xml'
14:19:59.041 [main] DEBUG org.apache.poi.openxml4j.opc.ZipPackage - Save part 'xl/workbook.xml'
14:19:59.044 [main] DEBUG org.apache.poi.openxml4j.opc.ZipPackage - Save part 'xl/worksheets/sheet1.xml'
14:19:59.050 [main] DEBUG org.apache.poi.openxml4j.opc.ZipPackage - Save content types part
14:19:59.053 [main] DEBUG org.apache.poi.openxml4j.opc.ZipPackage - Save package relationships
14:19:59.056 [main] DEBUG org.apache.poi.openxml4j.opc.ZipPackage - Save part 'docProps/app.xml'
14:19:59.056 [main] DEBUG org.apache.poi.openxml4j.opc.ZipPackage - Save part 'docProps/core.xml'
14:19:59.061 [main] DEBUG org.apache.poi.openxml4j.opc.ZipPackage - Save part 'xl/sharedStrings.xml'
14:19:59.062 [main] DEBUG org.apache.poi.openxml4j.opc.ZipPackage - Save part 'xl/styles.xml'
14:19:59.064 [main] DEBUG org.apache.poi.openxml4j.opc.ZipPackage - Save part 'xl/workbook.xml'
14:19:59.069 [main] DEBUG org.apache.poi.openxml4j.opc.ZipPackage - Save part 'xl/worksheets/sheet1.xml'
14:25:04.056 [main] DEBUG org.apache.poi.openxml4j.opc.ZipPackage - Save core properties part
14:25:04.069 [main] DEBUG org.apache.poi.openxml4j.opc.ZipPackage - Save content types part
14:25:04.339 [main] DEBUG org.apache.poi.openxml4j.opc.ZipPackage - Save package relationships
14:25:04.353 [main] DEBUG org.apache.poi.openxml4j.opc.ZipPackage - Save part 'docProps/app.xml'
14:25:04.361 [main] DEBUG org.apache.poi.openxml4j.opc.ZipPackage - Save part 'docProps/core.xml'
14:25:04.372 [main] DEBUG org.apache.poi.openxml4j.opc.ZipPackage - Save part 'xl/sharedStrings.xml'
14:25:04.373 [main] DEBUG org.apache.poi.openxml4j.opc.ZipPackage - Save part 'xl/styles.xml'
14:25:04.374 [main] DEBUG org.apache.poi.openxml4j.opc.ZipPackage - Save part 'xl/workbook.xml'
14:25:04.380 [main] DEBUG org.apache.poi.openxml4j.opc.ZipPackage - Save part 'xl/worksheets/sheet1.xml'
14:25:04.388 [main] DEBUG org.apache.poi.openxml4j.opc.ZipPackage - Save content types part
14:25:04.392 [main] DEBUG org.apache.poi.openxml4j.opc.ZipPackage - Save package relationships
14:25:04.395 [main] DEBUG org.apache.poi.openxml4j.opc.ZipPackage - Save part 'docProps/app.xml'
14:25:04.397 [main] DEBUG org.apache.poi.openxml4j.opc.ZipPackage - Save part 'docProps/core.xml'
14:25:04.401 [main] DEBUG org.apache.poi.openxml4j.opc.ZipPackage - Save part 'xl/sharedStrings.xml'
14:25:04.402 [main] DEBUG org.apache.poi.openxml4j.opc.ZipPackage - Save part 'xl/styles.xml'
