16:02:09.272 [main] DEBUG org.apache.poi.openxml4j.opc.ZipPackage - Save part 'docProps/core.xml'
16:02:09.282 [main] DEBUG org.apache.poi.openxml4j.opc.ZipPackage - Save part 'xl/sharedStrings.xml'
16:02:09.283 [main] DEBUG org.apache.poi.openxml4j.opc.ZipPackage - Save part 'xl/styles.xml'
16:02:09.284 [main] DEBUG org.apache.poi.openxml4j.opc.ZipPackage - Save part 'xl/workbook.xml'
16:02:09.286 [main] DEBUG org.apache.poi.openxml4j.opc.ZipPackage - Save part 'xl/worksheets/sheet1.xml'
16:02:09.304 [main] DEBUG org.apache.poi.openxml4j.opc.ZipPackage - Save core properties part
16:02:09.304 [main] DEBUG org.apache.poi.openxml4j.opc.ZipPackage - Save content types part
16:02:09.308 [main] DEBUG org.apache.poi.openxml4j.opc.ZipPackage - Save package relationships
16:02:09.310 [main] DEBUG org.apache.poi.openxml4j.opc.ZipPackage - Save part 'docProps/app.xml'
16:02:09.311 [main] DEBUG org.apache.poi.openxml4j.opc.ZipPackage - Save part 'docProps/core.xml'
16:02:09.314 [main] DEBUG org.apache.poi.openxml4j.opc.ZipPackage - Save part 'xl/sharedStrings.xml'
16:02:09.315 [main] DEBUG org.apache.poi.openxml4j.opc.ZipPackage - Save part 'xl/styles.xml'
16:02:09.316 [main] DEBUG org.apache.poi.openxml4j.opc.ZipPackage - Save part 'xl/workbook.xml'
16:02:09.318 [main] DEBUG org.apache.poi.openxml4j.opc.ZipPackage - Save part 'xl/worksheets/sheet1.xml'
16:02:09.319 [main] DEBUG org.apache.poi.openxml4j.opc.ZipPackage - Save content types part
16:02:09.321 [main] DEBUG org.apache.poi.openxml4j.opc.ZipPackage - Save package relationships
16:02:09.323 [main] DEBUG org.apache.poi.openxml4j.opc.ZipPackage - Save part 'docProps/app.xml'
16:02:09.324 [main] DEBUG org.apache.poi.openxml4j.opc.ZipPackage - Save part 'docProps/core.xml'
16:02:09.327 [main] DEBUG org.apache.poi.openxml4j.opc.ZipPackage - Save part 'xl/sharedStrings.xml'
16:02:09.327 [main] DEBUG org.apache.poi.openxml4j.opc.ZipPackage - Save part 'xl/styles.xml'
16:02:09.328 [main] DEBUG org.apache.poi.openxml4j.opc.ZipPackage - Save part 'xl/workbook.xml'
16:02:09.330 [main] DEBUG org.apache.poi.openxml4j.opc.ZipPackage - Save part 'xl/worksheets/sheet1.xml'
16:02:29.650 [main] DEBUG org.apache.poi.openxml4j.opc.ZipPackage - Save core properties part
16:02:29.650 [main] DEBUG org.apache.poi.openxml4j.opc.ZipPackage - Save content types part
16:02:29.652 [main] DEBUG org.apache.poi.openxml4j.opc.ZipPackage - Save package relationships
16:02:29.655 [main] DEBUG org.apache.poi.openxml4j.opc.ZipPackage - Save part 'docProps/app.xml'
16:02:29.655 [main] DEBUG org.apache.poi.openxml4j.opc.ZipPackage - Save part 'docProps/core.xml'
16:02:29.658 [main] DEBUG org.apache.poi.openxml4j.opc.ZipPackage - Save part 'xl/sharedStrings.xml'
16:02:29.658 [main] DEBUG org.apache.poi.openxml4j.opc.ZipPackage - Save part 'xl/styles.xml'
16:02:29.659 [main] DEBUG org.apache.poi.openxml4j.opc.ZipPackage - Save part 'xl/workbook.xml'
16:02:29.661 [main] DEBUG org.apache.poi.openxml4j.opc.ZipPackage - Save part 'xl/worksheets/sheet1.xml'
16:02:29.662 [main] DEBUG org.apache.poi.openxml4j.opc.ZipPackage - Save content types part
16:02:29.664 [main] DEBUG org.apache.poi.openxml4j.opc.ZipPackage - Save package relationships
16:02:29.665 [main] DEBUG org.apache.poi.openxml4j.opc.ZipPackage - Save part 'docProps/app.xml'
16:02:29.666 [main] DEBUG org.apache.poi.openxml4j.opc.ZipPackage - Save part 'docProps/core.xml'
16:02:29.668 [main] DEBUG org.apache.poi.openxml4j.opc.ZipPackage - Save part 'xl/sharedStrings.xml'
16:02:29.668 [main] DEBUG org.apache.poi.openxml4j.opc.ZipPackage - Save part 'xl/styles.xml'
16:02:29.668 [main] DEBUG org.apache.poi.openxml4j.opc.ZipPackage - Save part 'xl/workbook.xml'
16:02:29.670 [main] DEBUG org.apache.poi.openxml4j.opc.ZipPackage - Save part 'xl/worksheets/sheet1.xml'
16:02:29.746 [main] DEBUG org.apache.poi.openxml4j.opc.ZipPackage - Save core properties part
16:02:29.746 [main] DEBUG org.apache.poi.openxml4j.opc.ZipPackage - Save content types part
16:02:29.748 [main] DEBUG org.apache.poi.openxml4j.opc.ZipPackage - Save package relationships
16:02:29.750 [main] DEBUG org.apache.poi.openxml4j.opc.ZipPackage - Save part 'docProps/app.xml'
16:02:29.751 [main] DEBUG org.apache.poi.openxml4j.opc.ZipPackage - Save part 'docProps/core.xml'
16:02:29.753 [main] DEBUG org.apache.poi.openxml4j.opc.ZipPackage - Save part 'xl/sharedStrings.xml'
16:02:29.753 [main] DEBUG org.apache.poi.openxml4j.opc.ZipPackage - Save part 'xl/styles.xml'
16:02:29.754 [main] DEBUG org.apache.poi.openxml4j.opc.ZipPackage - Save part 'xl/workbook.xml'
16:02:29.755 [main] DEBUG org.apache.poi.openxml4j.opc.ZipPackage - Save part 'xl/worksheets/sheet1.xml'
16:02:29.757 [main] DEBUG org.apache.poi.openxml4j.opc.ZipPackage - Save content types part
16:02:29.758 [main] DEBUG org.apache.poi.openxml4j.opc.ZipPackage - Save package relationships
16:02:29.760 [main] DEBUG org.apache.poi.openxml4j.opc.ZipPackage - Save part 'docProps/app.xml'
